<report userID="912" placeID="1818" gameJobID="Test">
	<comment>AbuserID:2224;Swearing;HE SAID SHIT!!!</comment>
	<messages>
		<message userID="2224" guid="{1A177626-4643-45FC-A56E-AB5AB5202DD1}">sure i love php://insert</message>
		<message userID="2224" guid="{F0A1FF7A-43B1-4B80-BA9B-F7EE10564A15}">which is readable if anyone knows the log file.</message>
		<message userID="2224" guid="{336B2C80-3243-4309-B044-71A0CA7C607A}">it logs the report on my site</message>
		<message userID="2224" guid="{32FCEF18-0D12-401A-B2C2-E0A459FEC25B}">it &quot;works&quot;</message>
		<message userID="912" guid="{BABCC49E-C3B5-4C3A-B6F3-4413E261C530}">reporting never works</message>
		<message userID="912" guid="{7A6FAF68-A020-4F54-B0E6-622DD3FF3A6D}">expect that</message>
		<message userID="2224" guid="{D7BF7736-CAE4-4146-8933-7D09A218A94D}">AHHHHHH</message>
		<message userID="912" guid="{58473CE0-C448-464C-9186-52388A3FA672}">im reporting you</message>
		<message userID="2224" guid="{E72AD37C-318E-426C-A5F8-00587B0986E0}">that shit was about to kill me</message>
		<message userID="912" guid="{D336EFD1-E605-494D-ADE4-825BD5311779}">woah no swearing</message>
		<message userID="2224" guid="{76C3EF6B-432C-4CC3-8CC0-B3BB020D54A6}">shit</message>
		<message userID="912" guid="{A3692CFB-7F6F-4C25-A51B-56E4244A538A}">thought you died</message>
		<message userID="2224" guid="{787ADF19-7A58-4DFD-933B-184B78C5DE16}">OMG</message>
		<message userID="2224" guid="{7393A0BF-8662-4C80-8899-9CA5A8930236}">i&apos;m making a weird system to join</message>
		<message userID="2224" guid="{828D7606-5C99-4F77-BE5D-3509DD39ED91}">yeah</message>
		<message userID="912" guid="{BF0757D9-FF01-4587-85B4-20F155D4C570}">do mobile first</message>
		<message userID="2224" guid="{2CDA16E4-AD0B-4035-975E-0B856D7F9A34}">but i&apos;m working on mobile rn...</message>
		<message userID="912" guid="{160CB1F4-6B08-41E5-8815-1DFA63D66A3C}">yea</message>
		<message userID="2224" guid="{8E443164-9992-403D-93CC-6C9205D9AF5F}">yeah i should implement it</message>
		<message userID="2224" guid="{43DF109C-191F-4909-BC9D-165607A622B8}">oHHH</message>
		<message userID="2224" guid="{6965F9F1-1100-489C-8CB4-16BCB1A76160}">on my project?</message>
		<message userID="912" guid="{62A9D43F-A3B1-483E-9D6D-F2DA1626894C}">yea</message>
		<message userID="2224" guid="{0DBEAA06-0549-495C-BDD5-26574A730898}">YOU WANT AN AVATAR SYSTEM</message>
		<message userID="2224" guid="{04F92BA7-E377-4361-B68E-19C5B9136241}">OH</message>
		<message userID="912" guid="{CB70DC5D-5AB0-49C1-A4EB-93EC2C5CF490}">so i can make my iconic look</message>
		<message userID="2224" guid="{B843333B-C82C-4A2C-A927-49752A6DFE84}">?</message>
		<message userID="912" guid="{57D7EEE5-D7FE-44B5-8236-34026BF0E629}">a dressing system</message>
		<message userID="912" guid="{E093BBE6-7FE3-4F5F-AEF7-1B0757095888}">if only there was</message>
		<message userID="2224" guid="{745067F7-C07C-4857-935F-1F89E38284E5}">and its violating</message>
		<message userID="2224" guid="{6E8DC6A0-D161-4A0E-A722-6D558469A7D3}">the law of physics are incorrect here</message>
		<message userID="2224" guid="{591A27A1-8755-4B18-91DD-A70ACC298618}">isacc newton must see this physics</message>
		<message userID="912" guid="{2D8CBA18-435A-4898-A012-B711EF49BA66}">2024 roblox would never!</message>
		<message userID="912" guid="{51027F19-9B4E-4D57-947D-0F639A63FF51}">yea</message>
		<message userID="2224" guid="{46E85504-FDB3-4625-B64B-74E0E4371AFE}">right?</message>
		<message userID="2224" guid="{85D777D8-DFB7-4621-8405-65EB93991988}">physics</message>
		<message userID="912" guid="{E022F252-F49F-4705-8EBD-847A85C63377}">i hate old roblox</message>
		<message userID="2224" guid="{6C621DEE-DFBF-4D8D-B442-E18A039B13A5}">THUNDER???</message>
		<message userID="912" guid="{2E471E18-6624-4D53-B70B-FF7B5CBC3F53}">LIGHTING STORM</message>
		<message userID="912" guid="{49426ABD-60D5-413B-9A93-C75726A9FB35}">and on the farm he had a</message>
		<message userID="2224" guid="{D92E4226-3C10-4558-9AD4-97E9A54C204B}">E-I-E-I-O</message>
		<message userID="2224" guid="{B6362FE1-851A-42F2-B63B-11EA5E42FE24}">Old McDonald had a Cow</message>
		<message userID="912" guid="{4F3F91A4-F254-412F-B93D-7C69C5744DEA}">fire</message>
		<message userID="912" guid="{A2E6955B-22CB-42DB-8E97-854F0D2CC4C2}">imagineif there was a ire</message>
		<message userID="2224" guid="{4AC5F74C-C649-486A-802A-2DAA9B0DB910}">/e dance</message>
		<message userID="912" guid="{29AF9D01-B15F-475B-8625-B4E2096476A4}">/sc qwertyuiopasdfghjklzxcvbnm</message>
		<message userID="912" guid="{BC66B9BA-74E1-46BA-9BA5-E943F0F46475}">/sc z</message>
		<message userID="912" guid="{EB76851B-C566-46FF-BF9B-54E80FED2BCA}">/sc .</message>
		<message userID="912" guid="{72E9B0A2-D18D-4767-B71D-1C03E16DD242}">/sc  </message>
		<message userID="912" guid="{8FBAE8D0-5B2A-4D53-A92E-3B567FF708BE}">/sc m</message>
		<message userID="912" guid="{855C122E-A686-4ABB-B2B0-ECEB4772C6D0}">/sc 0</message>
	</messages>
</report>


<report userID="2224" placeID="1818" gameJobID="Test">
	<comment>AbuserID:3161;Bad Words or Threats;YESS, HE SAID BAD WORDS</comment>
	<messages>
		<message userID="3161" guid="{0348E1A5-6382-4792-A22D-1A29A6C42DAE}">i think im cooked chat</message>
		<message userID="2224" guid="{729852A0-9D37-44C8-97D8-9D35524A7E4E}">SPEEENNN</message>
		<message userID="3161" guid="{B12C532E-5ACF-4AC2-9E88-4474FFEC8D54}">if it works</message>
		<message userID="2224" guid="{ECC3DFE6-12D6-49BF-A7FF-9DA5C11BB392}">oh okay</message>
		<message userID="3161" guid="{172DEB5A-6B6B-4F11-BD0E-B53045F1E79B}">so we can get items</message>
		<message userID="3161" guid="{4D9ABBBF-68EA-4E6D-8098-11610E5D25FB}">i think im gonna edit it</message>
		<message userID="2224" guid="{A141F5FF-43A0-4A5D-97FC-7F38E02AC8B9}">?</message>
		<message userID="3161" guid="{9FC5D3D4-8C12-4BD6-92C8-15C37E2588C2}">LOL</message>
		<message userID="2224" guid="{929660D7-7D9B-47A3-BC80-55B21B844D28}">yes</message>
		<message userID="3161" guid="{A8379865-2FC5-4A19-B46C-6BEBA652554A}">can i edit the rblx file</message>
		<message userID="2224" guid="{512B9229-AC0F-4C3D-BC9D-6D5B5722F3FB}">check discord lol</message>
		<message userID="3161" guid="{8427E9B5-6A1B-4E4F-A653-0A023F39C73A}">wait</message>
		<message userID="3161" guid="{B63E4C6E-6BF5-4211-A17E-AC0D3832F922}">THE FOG IS COMING</message>
		<message userID="2224" guid="{161543C8-7C38-4ADE-9965-55C35DD5C91E}">ye</message>
		<message userID="3161" guid="{856EB771-4211-4A35-9A55-F07421681DC9}">back</message>
		<message userID="912" guid="{F16D4854-22BF-49FD-B56B-AFC8D285B9DC}">wait i gotta rejoin </message>
		<message userID="2224" guid="{4A1CF8EC-3970-447A-8520-AE79ADEBE8E6}">just press anywhere</message>
		<message userID="2224" guid="{2B9B731D-915C-4E28-B1CC-CF2F5BFC0FC4}">we survived :D</message>
		<message userID="912" guid="{8A1DEBCB-6F72-459F-B81D-C626758D0975}">the report screen is stuck</message>
		<message userID="912" guid="{3C024C61-5C1C-4E9C-B5F6-E07955234380}">uh oh</message>
		<message userID="2224" guid="{3E73B056-EA63-4F13-8CAD-37DD62D1BC2B}">rather than $_POST</message>
		<message userID="2224" guid="{1A177626-4643-45FC-A56E-AB5AB5202DD1}">sure i love php://insert</message>
		<message userID="2224" guid="{F0A1FF7A-43B1-4B80-BA9B-F7EE10564A15}">which is readable if anyone knows the log file.</message>
		<message userID="2224" guid="{336B2C80-3243-4309-B044-71A0CA7C607A}">it logs the report on my site</message>
		<message userID="2224" guid="{32FCEF18-0D12-401A-B2C2-E0A459FEC25B}">it &quot;works&quot;</message>
		<message userID="912" guid="{BABCC49E-C3B5-4C3A-B6F3-4413E261C530}">reporting never works</message>
		<message userID="912" guid="{7A6FAF68-A020-4F54-B0E6-622DD3FF3A6D}">expect that</message>
		<message userID="2224" guid="{D7BF7736-CAE4-4146-8933-7D09A218A94D}">AHHHHHH</message>
		<message userID="912" guid="{58473CE0-C448-464C-9186-52388A3FA672}">im reporting you</message>
		<message userID="2224" guid="{E72AD37C-318E-426C-A5F8-00587B0986E0}">that shit was about to kill me</message>
		<message userID="912" guid="{D336EFD1-E605-494D-ADE4-825BD5311779}">woah no swearing</message>
		<message userID="2224" guid="{76C3EF6B-432C-4CC3-8CC0-B3BB020D54A6}">shit</message>
		<message userID="912" guid="{A3692CFB-7F6F-4C25-A51B-56E4244A538A}">thought you died</message>
		<message userID="2224" guid="{787ADF19-7A58-4DFD-933B-184B78C5DE16}">OMG</message>
		<message userID="2224" guid="{7393A0BF-8662-4C80-8899-9CA5A8930236}">i&apos;m making a weird system to join</message>
		<message userID="2224" guid="{828D7606-5C99-4F77-BE5D-3509DD39ED91}">yeah</message>
		<message userID="912" guid="{BF0757D9-FF01-4587-85B4-20F155D4C570}">do mobile first</message>
		<message userID="2224" guid="{2CDA16E4-AD0B-4035-975E-0B856D7F9A34}">but i&apos;m working on mobile rn...</message>
		<message userID="912" guid="{160CB1F4-6B08-41E5-8815-1DFA63D66A3C}">yea</message>
		<message userID="2224" guid="{8E443164-9992-403D-93CC-6C9205D9AF5F}">yeah i should implement it</message>
		<message userID="2224" guid="{43DF109C-191F-4909-BC9D-165607A622B8}">oHHH</message>
		<message userID="2224" guid="{6965F9F1-1100-489C-8CB4-16BCB1A76160}">on my project?</message>
		<message userID="912" guid="{62A9D43F-A3B1-483E-9D6D-F2DA1626894C}">yea</message>
		<message userID="2224" guid="{0DBEAA06-0549-495C-BDD5-26574A730898}">YOU WANT AN AVATAR SYSTEM</message>
		<message userID="2224" guid="{04F92BA7-E377-4361-B68E-19C5B9136241}">OH</message>
		<message userID="912" guid="{CB70DC5D-5AB0-49C1-A4EB-93EC2C5CF490}">so i can make my iconic look</message>
		<message userID="2224" guid="{B843333B-C82C-4A2C-A927-49752A6DFE84}">?</message>
		<message userID="912" guid="{57D7EEE5-D7FE-44B5-8236-34026BF0E629}">a dressing system</message>
		<message userID="912" guid="{E093BBE6-7FE3-4F5F-AEF7-1B0757095888}">if only there was</message>
		<message userID="2224" guid="{745067F7-C07C-4857-935F-1F89E38284E5}">and its violating</message>
	</messages>
</report>


<report userID="2242" placeID="1818" gameJobID="Test">
	<comment>AbuserID:1522;Swearing;test</comment>
	<messages>
		<message userID="2242" guid="{30075D21-21FE-4D8D-AB8F-E8D31FBED23F}">[ Content Deleted ]</message>
		<message userID="2242" guid="{CDC41EEB-D2E7-453A-BA00-7CA5F8696593}">################</message>
		<message userID="2242" guid="{B2BF8DB7-2859-4211-A3FF-D7AAE743FF71}">[Content Deleted]</message>
		<message userID="2242" guid="{684D9418-7B4D-4795-A76D-E38D24B6F37B}">ok</message>
		<message userID="1522" guid="{69464DDF-C41A-449D-BC39-F54D540BDD27}">afk</message>
		<message userID="1522" guid="{24A28BC5-6397-480A-977A-8F42EFFAB361}">afl</message>
		<message userID="1522" guid="{F6476F45-8B90-4D13-A441-158641744304}">bout to eat</message>
		<message userID="2242" guid="{1515C7CD-E3CF-44BF-9083-1C6435D1CFB7}">dawdwadwakioawdawjdwana wdawlk awn dwalk dawml awk dawdawkldnawlkdnawlkd alwkd nlawn dawnd awnd lkawn dwandaw ndakwl ldaw ndlwandawl dnlwand</message>
		<message userID="1522" guid="{D7689596-ADB0-46E0-B2AF-00026EA59157}">/e point</message>
		<message userID="1522" guid="{049A3550-8242-46A6-9D99-01B7481F8E36}">/e point</message>
		<message userID="1522" guid="{6510299E-664F-4C69-B0A6-AF5DEE5F1FBA}">/e point</message>
		<message userID="1522" guid="{9A490AB0-5C03-44FE-B208-8CB97C98F5E0}">/e point</message>
		<message userID="1522" guid="{52ABBEC7-02A6-433E-8A10-A6A312E66374}">e point</message>
		<message userID="2242" guid="{E95DD2A5-8492-46DA-B783-35FDD5419AAE}">bruh</message>
		<message userID="2242" guid="{E97D3A83-6AF7-4003-A88F-1D10E1857EE8}">/console</message>
		<message userID="1522" guid="{C038AD55-56CA-458D-8793-635C7746C1BF}">w h a t</message>
		<message userID="2242" guid="{028DB6C2-07B9-4256-BD1E-DA890203617A}">publickeyblob</message>
		<message userID="1522" guid="{DE8944A4-81BB-4FC7-852E-1DC45C4BE513}">yea i am aware</message>
		<message userID="1522" guid="{B83FDBD2-7FA2-49AA-A356-E224AE112250}">wh</message>
		<message userID="2242" guid="{DCB3B105-DF07-48FC-98ED-2BAA9B18FB17}">meteor shower</message>
		<message userID="2242" guid="{220C4567-FF73-4AC5-9ED2-BE3AF930929D}">uh oh</message>
		<message userID="2242" guid="{1CB99D0F-DF31-4142-A372-9C66AC2CF14E}">yippee!</message>
		<message userID="1522" guid="{544E7E98-5F5A-46AA-9140-FBE274FF507C}">sure why not</message>
		<message userID="2242" guid="{463D69AA-8F48-479D-9713-85FBCA417755}">from roblox</message>
		<message userID="2242" guid="{3FBF29FE-9834-4BC3-B2DF-245342201288}">use the 2015 pages</message>
		<message userID="1522" guid="{2224363F-BA52-4E72-B14F-6AF30AE167DA}">?</message>
		<message userID="1522" guid="{844A24EB-DE29-44EC-B596-3F3B6571EF8B}">just groovin&apos;</message>
		<message userID="2242" guid="{EB350846-383A-45D8-BB04-219A966293A7}">PLEASE</message>
		<message userID="2242" guid="{7B614996-5B46-47FE-B3EC-3224D43F5197}">wait</message>
		<message userID="2242" guid="{13B5CDCC-6A25-45EC-83F2-1DA5D3A298F7}">/e dance2</message>
		<message userID="1522" guid="{DA8715E5-9355-403C-A7FF-85EE45AE8244}">/e dance2</message>
		<message userID="1522" guid="{C1397362-F705-41B4-89BF-E5D452EA0877}">and goofy 2014 shiftlock</message>
		<message userID="2242" guid="{336F0496-A026-4C6A-93D9-9E404EE1F772}">/e dance</message>
		<message userID="1522" guid="{7BEDB26E-02E5-40E7-B8AD-F38F0D69FEDD}">lol</message>
		<message userID="1522" guid="{DC08F599-7086-46A9-9CCE-7A79C2FCD2E8}">/e wave</message>
		<message userID="2242" guid="{3199CD52-AC41-4501-AA26-B4BFB57F068D}">goofy 2014 healthbars</message>
		<message userID="1522" guid="{F715DD33-F47C-4087-868D-E3F0025F8CB8}">atleast everything here works fine</message>
		<message userID="1522" guid="{6ECD3AAA-30C9-4803-B883-CA4470930C68}">yaty</message>
		<message userID="2242" guid="{F016FF32-CA03-4A76-B361-7163DD5E5B7A}">yay 2015</message>
		<message userID="2825" guid="{EBDD84DF-B7F6-4362-9291-95200B0A7AAC}">Everything works fine now!</message>
		<message userID="2825" guid="{B00E28E6-728B-4062-B13D-2ED693059273}">everything works fine!</message>
	</messages>
</report>


<report userID="7946" placeID="1818" gameJobID="Test">
	<comment>AbuserID:3605;Swearing;HE SAID ASS!!! OMG !!!!!!!!!!!!</comment>
	<messages>
		<message userID="3797" guid="{913240F5-F935-475A-A2A7-79D82F9286C6}">lol</message>
		<message userID="7946" guid="{EDC4C089-0935-4350-A3C9-7E1AEF6AEBB3}">i&apos;m going to report 2485 for saying ASS!!!</message>
		<message userID="7946" guid="{FC0989E8-1319-413A-824A-30E455073C41}">ok</message>
		<message userID="3829" guid="{8A5FDF3E-7E11-4AA5-87B6-EA8692B7D91C}">guys should i join on mobile?</message>
		<message userID="3605" guid="{DE15C872-A23B-4384-A32D-E6425553CF6A}">ass</message>
		<message userID="3605" guid="{E25B0A54-01F5-48FC-83F5-F90CDC4B59C4}">yall guys are unknown</message>
		<message userID="3829" guid="{5C91C76D-6A8C-42E1-B6F4-1EFBD863EAB9}">woah another player</message>
		<message userID="7946" guid="{167887B2-A1C6-4AA8-A6BD-390B276A0000}">and the horrible shiftlock</message>
		<message userID="3829" guid="{BB19A95F-5073-4FDB-9DD4-22D3E4425811}">real</message>
		<message userID="7946" guid="{2BE80049-97B6-46D5-8D46-59EAF93534FB}">i can never escape the purple nametag</message>
		<message userID="3829" guid="{F2D6E0CD-6EFD-4612-B607-FBD1D24AA937}">i hate when auth breaks</message>
		<message userID="3797" guid="{4DDCA475-E96C-49E9-AA89-DFB5824FFAD6}">lol</message>
		<message userID="7946" guid="{7011141D-4007-4619-9973-9461376CA13A}">i&apos;m idontknowwhat</message>
		<message userID="3829" guid="{5E19583B-20BD-4415-9DEC-C328EAF72EFE}">i&apos;m meditext</message>
		<message userID="3829" guid="{621D18BF-ACCC-472A-BC7E-9BB7EB0B6B57}">real</message>
		<message userID="3829" guid="{9DE2CE8D-C6DE-435A-9791-B32DCF32B89D}">3 players</message>
		<message userID="7946" guid="{2035E3E0-7D72-4FC0-A6C5-D48915AD54B3}">hi</message>
		<message userID="3797" guid="{DE74303A-7FD1-494D-AFAB-976C1B5D1C9C}">hi</message>
		<message userID="7946" guid="{38A96DB6-047A-49EB-AAE8-9DBD7204B9CE}">i&apos;m so unknown</message>
		<message userID="21" guid="{BD63F469-BB0A-4CB4-B8D9-E1F7589EAA5D}">LOL</message>
		<message userID="8179" guid="{09A8E8E0-C1C8-427B-87EF-1F3153059CF1}">yk what i will get my account and play on android.</message>
		<message userID="8179" guid="{8B7A96D6-C1A7-437A-8C78-94938C3B7A3D}">you managed</message>
		<message userID="8179" guid="{BDCD17C6-231A-4EAF-85BD-905E7FA7FAE2}">oh hello</message>
		<message userID="21" guid="{2E4457A8-6A81-4CAE-BE1A-E21D2BE7F035}">hi</message>
		<message userID="8179" guid="{F78B376E-D94F-4AA7-BBDE-717428465B16}">you must find a button</message>
		<message userID="8179" guid="{9FE33249-3C0F-442E-9E8F-4659701B6EB8}">in order to chat</message>
		<message userID="8179" guid="{311C4EFF-5FEC-4B98-850E-2F5A47F3597C}">and android is fine</message>
		<message userID="8179" guid="{F44A9CF0-4DB2-4EFB-B469-8148D1D06FF3}">i hate the fact that windows hates cookies</message>
		<message userID="8179" guid="{EE6A255B-03DF-40D3-900D-8B59021581FD}">nello</message>
		<message userID="8179" guid="{00A85C3F-749D-47F4-AF0D-BE5B3F7BCA3F}">back</message>
		<message userID="5012" guid="{5E3A0117-ED0D-483F-A76D-D4A1F9B77EA9}">a great rev</message>
		<message userID="8507" guid="{BFB8F5BD-DAC5-42FA-A885-4F3FA77E87D8}">what was trashblox anywya</message>
		<message userID="5012" guid="{B4D48BDA-2270-4CDF-8DA0-DA9D963B90D8}">ola</message>
		<message userID="5012" guid="{D33F8566-2F65-4B28-A22F-6D4C0F663D6D}">oia</message>
		<message userID="8179" guid="{F0046C14-A91F-42CE-B391-8D27B0737046}">oh wait</message>
		<message userID="8507" guid="{A790E4B0-3C2D-4C10-BC43-4C1AF13FB1A2}">s</message>
		<message userID="8507" guid="{25C4BF74-47AD-49B0-A58D-9DD40BD42B16}">no</message>
		<message userID="8179" guid="{889855D8-FE54-4A40-B480-27BA26D684C5}">are you lox?</message>
		<message userID="8507" guid="{F05DBD7A-CB13-462B-BED4-2D4C037F8EF5}">coding errors hapens</message>
		<message userID="8179" guid="{062457BB-1D94-4E8D-9361-DEFC953B770B}">it&apos;s literally a headache</message>
		<message userID="8507" guid="{C6DF601B-A8C9-409A-A6FE-545C438ACB1B}">its ok</message>
		<message userID="8179" guid="{4B74AFBA-0521-42A3-B48D-67D927DB5BF8}">i want to kill myself because of this issue.</message>
		<message userID="8507" guid="{FC73EDBF-9C87-45E1-A0F9-AA9F24D35292}">127.0.0.1</message>
		<message userID="8179" guid="{D68697C8-6BFF-4FA7-81D7-DCFA920B8B72}">auth is broken</message>
		<message userID="8507" guid="{F042302C-17B3-43AD-A3A0-DC8C74146803}">ip:</message>
		<message userID="8507" guid="{1EA864F3-D227-49F3-A3C7-196E36DAE11C}">i got ur ip</message>
		<message userID="8507" guid="{6D96282B-0745-4AC3-937A-8794EE5FCE27}">hello</message>
		<message userID="8179" guid="{652B922C-70F9-4510-8B7F-9D07949A9B4F}">hello</message>
	</messages>
</report>


<report userID="61" placeID="1818" gameJobID="Test">
	<comment>AbuserID:-8137;Inappropriate Username;weefwfwe</comment>
	<messages>
		<message userID="150" guid="{BFC7177A-F4CB-48B2-B7A1-81C3992E05C3}">lmao</message>
		<message userID="150" guid="{C2FA035C-B31D-4C58-A9BA-8BF8E00450F6}">exploter frfr i will report frfr kaka</message>
		<message userID="150" guid="{BA2E5F16-D47F-4704-A1F7-59FCBEEDB837}">fr</message>
		<message userID="34" guid="{005F6CAF-FF3E-450D-8123-3EEE0EC1983F}">real</message>
		<message userID="61" guid="{4F98697B-11B7-4FF7-87B5-94642C3C5C1D}">you kaka v2</message>
		<message userID="61" guid="{58B336D6-8064-4598-8F97-AB93F6D2F320}">fak you</message>
		<message userID="61" guid="{A45FFC5F-338D-4BD2-803A-2C2944E753BA}">you hacker</message>
		<message userID="61" guid="{67D0EF1C-2DB3-4567-8995-543F5FB3F3F2}">i report</message>
		<message userID="34" guid="{430E559F-DBD6-4329-9848-1B06FEBFC448}">i also have this</message>
		<message userID="34" guid="{C6A26861-AE63-4C86-AEB4-1F8C1E5D0B66}">but the epic face never loaded </message>
		<message userID="150" guid="{610FD95D-DF96-4972-80EC-54EA4541C377}">k</message>
		<message userID="34" guid="{B070D0B6-A65E-47CD-A6A8-A1C37B7F116C}">im back</message>
		<message userID="150" guid="{32A51FCE-82C3-48E0-9CBF-51E01B11EA35}">lol</message>
		<message userID="61" guid="{9CF88226-4B23-48EA-8443-2E89722E4FCE}">isnt that great</message>
		<message userID="61" guid="{DE0DDE3F-7AEA-4E4A-BA26-D75974D885BE}">im gonna host 100 more games</message>
		<message userID="61" guid="{9E38D922-7859-431D-8235-A9928EE9A9EC}">not enough to crash compute rwith 100 running rccs</message>
		<message userID="61" guid="{8B09BE37-4EA3-42A4-AC43-0B59FE43189D}">weak ahh game</message>
		<message userID="150" guid="{9E5C6E98-89CD-4D2F-9E5B-36FD6BE370C8}">lmao</message>
		<message userID="150" guid="{11E1B3F5-555C-4552-96E8-C6B393166A20}">o</message>
		<message userID="150" guid="{46A62C97-6C54-4EEC-8A40-EA06EA3FE546}">i has 120 fps on tablet frfr(no)</message>
		<message userID="150" guid="{EA066C28-B7AC-44D8-A270-BF31A8E50039}">well</message>
		<message userID="150" guid="{3BA3E533-78E9-403A-AE13-4A6069130A8B}">breh</message>
		<message userID="61" guid="{ED11A449-CE93-4803-B5DF-18ACA1C35963}">chicka</message>
		<message userID="34" guid="{107FEA96-3A3C-43A9-ACE8-54A0B1D25679}">shit ain&apos;t loadin</message>
		<message userID="34" guid="{717ACB9F-0201-4502-BBEB-7864BDCCE4D7}">im changing my avatar</message>
		<message userID="61" guid="{12FED382-2D3A-4929-998F-BAB927DE1B4C}">P DIDDY</message>
		<message userID="34" guid="{BBC56FF4-2596-49B0-899B-1D8B55E3932F}">OH SHIT</message>
		<message userID="150" guid="{4F5ECD6A-5F36-49D8-8F8D-5F0DEB2A25D8}">real</message>
		<message userID="34" guid="{97125DDC-3134-4BE8-B264-EAFC954F730F}">real</message>
		<message userID="150" guid="{FAF67CD0-F45D-4E0F-AD97-020ACE089B4E}">i mean the guest - is me on tablet</message>
		<message userID="150" guid="{13BECC4D-907F-4057-A044-7287FBABAFEB}">i was joined on tablet</message>
		<message userID="34" guid="{3319BE0D-EA85-4303-8E69-1D3CB9A251CC}">sup</message>
		<message userID="150" guid="{6516E08B-D69C-45C1-A734-BCA0B8EAF2C0}">hi</message>
		<message userID="61" guid="{823BC65D-3231-4559-9C77-D565F3C59043}">ass</message>
		<message userID="61" guid="{862B820B-7018-4F79-ADCE-B26A7010BCAC}">shit</message>
		<message userID="61" guid="{BB3613AF-C654-4930-95FB-1292CB5125AF}">fuck</message>
		<message userID="61" guid="{3604ADA7-54D6-413D-9EA0-75E5BB3FABAB}">content deleted</message>
		<message userID="61" guid="{BDDD5C7D-2B9C-4A0A-B60F-E40FFFA78131}">suck the fflag</message>
		<message userID="34" guid="{549612B5-EDC6-4AA7-8694-540C248A4762}">can be reverted using an fflag</message>
		<message userID="61" guid="{FC87D6A0-2F53-40DF-B795-924B753C9CCA}">the frick</message>
		<message userID="61" guid="{DE90F571-5040-4E5B-B22B-B1925B5A5228}">why?</message>
		<message userID="61" guid="{F5C2E253-17CA-4E4B-B56F-45989EE81554}">buble chat is goofy</message>
		<message userID="61" guid="{6F1C38D5-DB8F-4F3B-B7D3-ABB0C8BE6213}">hello</message>
		<message userID="34" guid="{86F04952-C580-4C76-A83C-AAADAAADBBEC}">hi</message>
		<message userID="61" guid="{1ADEC20A-EC7D-4B08-BA66-B3E5FC5273D8}">roblox</message>
		<message userID="61" guid="{A64CFE38-2A5A-4473-8206-788473E7FBDE}">hail</message>
		<message userID="34" guid="{D063B5D8-58F8-4117-B5EE-B398E5ED1556}">real</message>
		<message userID="61" guid="{E4ACC757-DBF4-46C9-A981-BB63C50E79D7}">PP DIDDY</message>
	</messages>
</report>


<report userID="46" placeID="2" gameJobID="0e682b88-f69b-9dab-bba5-b9711a998556">
	<comment>AbuserID:2;Swearing;he swear at me ban this guy now!11111111111111</comment>
	<messages>
		<message userID="131" guid="{4B715ADE-E0C9-412F-BDBF-387DC89BB5E4}">i really want to compile that mescord for uwp &amp; w10m</message>
		<message userID="131" guid="{EA44F03E-7993-4EF8-B7EC-323E3C565EA2}">im gonna do the azure pipesh** work</message>
		<message userID="46" guid="{3CCCBB0E-CE0C-4CEB-BAF3-2D56ABFF376F}">:fire:</message>
		<message userID="46" guid="{BC5F15B0-8B4F-421C-82FE-B3C364E6560D}">Content failed because invalid request 5</message>
		<message userID="131" guid="{04576539-954C-4651-B514-84270E600621}">ok</message>
		<message userID="4" guid="{D6671589-81FB-4402-88AF-99CAE6CCF6F9}">rip vro</message>
		<message userID="131" guid="{1C17EA6B-4DF7-4A91-B10A-880E6485B528}">:help</message>
		<message userID="2" guid="{B6B8EA4D-28A0-4F5F-AB14-A486144E9C38}">hold on one sec</message>
		<message userID="131" guid="{20C27C60-C3EB-4030-A741-E3DCE9598CB6}">:cmds</message>
		<message userID="46" guid="{F5E9D5B7-C99C-43AC-B5E1-05E1C7A00400}">oh shit i got fried</message>
		<message userID="131" guid="{A4C335C1-DFFC-462C-9D21-E91F5AAC1BFD}">you can use the rbxl and fix it</message>
		<message userID="131" guid="{D47CFEFC-AE42-43C0-9F15-B623E6FC71B8}">ye</message>
		<message userID="131" guid="{630D709E-A3ED-4D38-AADE-BEB7576278F9}">you cant do a fuxxin pizza</message>
		<message userID="2" guid="{F906CCF3-7493-4EA3-893D-FE83DAE79C17}">pizza is broken</message>
		<message userID="46" guid="{BF947673-7B4D-4772-90A3-53DE1D922B84}">yay</message>
		<message userID="2" guid="{5C034BDF-3B0A-4370-9ECA-8D884CDA8119}">ok</message>
		<message userID="46" guid="{7122B5C9-99B1-4304-B3DE-D8462C8BBC0C}">i want ios</message>
		<message userID="131" guid="{40AA475A-79BA-4196-B8AC-237CB827C0AA}">idk</message>
		<message userID="2" guid="{E6B80E39-B9BF-4056-BE29-0601513DA587}">it does??</message>
		<message userID="2" guid="{DB7A7206-A88A-4448-8313-22D31EF1699B}">yea</message>
		<message userID="2" guid="{18D7A864-31E2-4310-B149-8B0164676D4B}">i&apos;ll check for problems</message>
		<message userID="131" guid="{79615599-28DB-4583-8ADE-A20B27A6542D}">does the pizza thing work</message>
		<message userID="2" guid="{C54E2CFE-9963-49EB-B647-59BAF9DA1DB8}">i&apos;m doing smth</message>
		<message userID="46" guid="{DB9911D8-402F-4769-BF18-432F3BE1AF43}">lol</message>
		<message userID="46" guid="{2D7B459D-3B5F-4CF4-BD5A-03FC8ED8BCAB}">i was that guy for a second</message>
		<message userID="2" guid="{1E7A5686-FFBD-4420-BC67-B345BA5971A0}">yo</message>
		<message userID="46" guid="{81C472E4-D40B-4C50-ADE2-61DEC41D9B45}">hi im back</message>
		<message userID="131" guid="{F2B3BA58-BCFE-4AF8-A57E-41634EFE75B1}">uh</message>
		<message userID="131" guid="{5AB5F22A-336D-4890-A58A-66B0ADA49B71}">what</message>
		<message userID="131" guid="{E4E3904D-4ED1-403F-8292-9555019AC2EF}">and why is job here</message>
		<message userID="2" guid="{28CDB036-1D6F-42F8-80D0-8A43F4965D98}">WTF</message>
		<message userID="131" guid="{8E142E7E-5484-4D0A-BA05-568C0834EFC0}">why am i gjh</message>
		<message userID="2" guid="{A1D902ED-E1A4-45F5-9BC0-884CF82C34E1}">what</message>
		<message userID="131" guid="{FCB6FA90-B275-4F4D-99E3-749CA3C0311B}">im job</message>
		<message userID="131" guid="{08B853C3-7483-4BB7-B324-21FE1777675D}">uh</message>
		<message userID="131" guid="{08265FC9-9FF9-4669-A1E3-CA98133E3F81}">hi</message>
		<message userID="2" guid="{177FD8BE-2079-49CA-BD89-AE0C7AA02017}">wsp</message>
		<message userID="2" guid="{75582D73-D77E-43BB-A12A-1A51FFBC1D4C}">yooo</message>
	</messages>
</report>


<report userID="33" placeID="1" gameJobID="ad4d-d7-97-d1-2a60477">
	<comment>AbuserID:175;Cheating/Exploiting;</comment>
	<messages>
		<message userID="175" guid="{550DBC36-7652-4E53-B79C-8789B2765475}">:dog c00lkid</message>
		<message userID="175" guid="{80DED87C-9E07-4785-8294-B0D7398603D4}">:dog c00lkid</message>
		<message userID="175" guid="{B39FA792-6D99-49FD-B8EA-05A3A2916C63}">:jail 3jbh</message>
		<message userID="33" guid="{91B9B7DA-3F6C-4CAF-B88D-578BCF9548DA}">yo you are hacking?</message>
		<message userID="175" guid="{C1261E2A-EBE8-449E-84C0-791A5D3B9CAF}">:cmds</message>
		<message userID="175" guid="{B6A187DB-E314-4E5A-BF00-BF8745BA00AE}">:fly me</message>
		<message userID="175" guid="{570EBC30-EF81-425D-9268-B07D9FCEC481}">:cmds</message>
	</messages>
</report>


<report userID="138" placeID="12" gameJobID="6cdd-84-db-72-af5ca2c">
	<comment>AbuserID:0;Offsite Link;   (Optional)</comment>
	<messages>
		<message userID="138" guid="{EA9ADBE0-32D7-4B38-8702-AC6A19DD18EE}">/console</message>
	</messages>
</report>


<report userID="220" placeID="7" gameJobID="b12a-38-2b-1a-f22477b">
	<comment>AbuserID:228;Bullying;</comment>
	<messages>
		<message userID="220" guid="{7C5AA52C-1388-46FF-82D3-F328BCAF97DF}">why i died perma?</message>
		<message userID="175" guid="{E37F559D-7CC6-4CF7-A3E0-037AB1CCF0F9}">who</message>
		<message userID="143" guid="{DBDB2A26-A2C3-4158-99E8-6406A02C9B1B}">im going to jeff the kill you</message>
		<message userID="175" guid="{4C92410E-F92A-4DCE-8E71-F6DF5857DF67}">look at my Face</message>
		<message userID="175" guid="{1ADBA9C5-63C5-4347-A877-73D64D338875}">crazy sh</message>
		<message userID="220" guid="{09D5B651-3236-45EF-88FC-64F7A9E7A84F}">whatever</message>
		<message userID="307" guid="{B605CDE2-D8CE-46FC-A311-BE19D2CB0413}">nahh</message>
		<message userID="220" guid="{E6B57E89-1172-4B8D-9596-0A3378BF803A}">im 14</message>
		<message userID="307" guid="{A48A78A2-A8DA-4FAD-B66D-CC785111DF57}">trust</message>
		<message userID="143" guid="{E8BF9312-B1C4-4799-8BF9-C8EBDE1ED94B}">im trying to kill him</message>
		<message userID="307" guid="{F6A02EA8-CC02-4C6A-B934-2ECFB26D914A}">he 12</message>
		<message userID="175" guid="{4286A933-AF5A-4B81-9D98-F1BC89C29F33}">ye?</message>
		<message userID="307" guid="{D99D6678-B01A-4BAB-89BD-6DDB0C178ED6}">nahhh</message>
		<message userID="228" guid="{53356E8C-E9B9-4E78-AB9B-09184FA1E605}">ill try rejoining</message>
		<message userID="175" guid="{36DE8F09-DDAB-4D91-A104-A040DD6CCE47}">I&apos;m epik</message>
		<message userID="220" guid="{22C236D8-D156-4D4F-A130-3A0EA5A4D6E1}">epik</message>
		<message userID="175" guid="{1D1CD0A9-D6D5-4347-AD50-734CF0AE9320}">yes</message>
		<message userID="228" guid="{D245A84C-AF4B-40F0-BE08-78582E9B3D40}">why i hear the sounds but my character doesn&apos;t animate?</message>
		<message userID="143" guid="{2CFD8D84-716E-4868-A081-A4847CADCD13}">you are epik?</message>
		<message userID="175" guid="{E39DCDE9-03A0-4F94-A19A-1B72ED38A0E3}">oh</message>
		<message userID="175" guid="{14CD4492-D4FB-4D1D-BDB8-4D0CEDAFFAF4}">btw crow add my gear </message>
		<message userID="220" guid="{3B77C2A6-9A06-445D-99AE-E3CDB656A264}">i was boring</message>
		<message userID="143" guid="{435ADD84-129C-4045-AC4A-8524B559A635}">yeah?</message>
		<message userID="228" guid="{E2514F7F-0008-4082-AF30-9848E6088C85}">crow</message>
		<message userID="175" guid="{91445C15-68C2-41C2-8033-3DE3DA3E8746}">why did you do that?</message>
		<message userID="220" guid="{3E19F035-21FD-4CB2-BC5B-BB42F63295D9}">i share my pass with a friend</message>
		<message userID="175" guid="{BCAECA10-37C0-4309-A1A2-E164EF85DED1}">I played hexagon too</message>
		<message userID="220" guid="{16D7A745-C30B-4A01-AD2A-A5F1ED0CE1C2}">but</message>
		<message userID="220" guid="{99A3E0B2-7C32-47B0-ABBD-7AA5E52698E1}">i was played hexagon</message>
		<message userID="307" guid="{E0FED331-BD5A-4005-B2C6-075275845CFA}">it</message>
		<message userID="143" guid="{56499A1C-1C85-4422-90B3-90A1C6671DF2}">as hexagon</message>
		<message userID="307" guid="{0BD6242E-B2F6-41BA-9246-94B1513C0757}">i played</message>
		<message userID="143" guid="{142FBE56-C359-48F2-BD3F-6CA853CB92C6}">tehy used the same patching methods</message>
		<message userID="307" guid="{A506CBB1-F02A-477B-8F1A-7DE10877EAD5}">yes</message>
		<message userID="220" guid="{11D91088-24B5-4594-A5FA-5B85EFCB88B8}">it closed</message>
		<message userID="307" guid="{A9A050BA-D9DB-4EBA-92FE-12BE6DE2C088}">yhes</message>
		<message userID="143" guid="{BE7631FD-21D8-4B10-878C-A20A01C7E287}">do you know something about hexagon</message>
		<message userID="143" guid="{88693ADC-EFA5-4636-A47B-C34DAF1E193D}">dirt</message>
		<message userID="220" guid="{097DDAE0-26E7-4D54-8936-71DD1ADB6365}">im a bad boy? :3</message>
		<message userID="307" guid="{8FAE6538-25EE-4A0D-9E70-0D0C161147B1}">THESE SERVERS ARE ASS</message>
		<message userID="228" guid="{DF6F186B-DFE8-4E92-A0AA-C37EC1E8AF3C}">i hear the sounds but it isnt animated</message>
		<message userID="220" guid="{9BC42574-3D7C-4693-B213-EE59A40ECEA4}">sooo</message>
		<message userID="175" guid="{C12AB4D7-D995-442E-8C5D-A23B7A81BE5A}">I&apos;m fucking stuck</message>
		<message userID="143" guid="{D9025662-C7DA-4381-A597-C44F79D0A511}">this is RIGGED</message>
		<message userID="220" guid="{B9D1BD0A-7B29-4404-A5D3-BC3C4FF361AD}">uh :c</message>
		<message userID="143" guid="{B2ED8BEF-9A7E-4B6B-A0B1-9DB57422902F}">FUCK</message>
		<message userID="143" guid="{67EDC29E-FCFA-4C62-95B9-9978799AC10E}">OUCH</message>
		<message userID="307" guid="{EF274195-9DE3-48DA-82B6-21C27A37C2AB}">BANNED</message>
		<message userID="143" guid="{91963B71-A9DA-4C0C-A105-AE439554E005}">no more Freaky!</message>
		<message userID="220" guid="{65986B09-DB06-4F6E-B929-D6CE19BE1E50}">yea</message>
	</messages>
</report>








<report userID="178" placeID="7" gameJobID="1310-6a-be-b8-536d0b3">
	<comment>AbuserID:228;Bullying;</comment>
	<messages>
		<message userID="178" guid="{A44EEEE3-7847-4558-8C30-E4DAC9708A4C}">lmao</message>
		<message userID="473" guid="{66E88D00-5017-4DDC-9BDE-6A5492ED65A0}">LOL</message>
		<message userID="228" guid="{C8375B05-2C3F-498E-8BB6-8F81BD066D93}">hello</message>
		<message userID="178" guid="{4711BDB8-82B2-4F14-AEA5-58C32BC048F9}">hi</message>
		<message userID="473" guid="{6D52E3DE-388A-4296-A596-0973D349323B}">hai</message>
		<message userID="178" guid="{FE19D182-DBAB-4E2C-B8D4-5FA90EDFF766}">byee</message>
		<message userID="473" guid="{785F352E-BD70-491B-94B4-65B5495CBBAD}">bye</message>
		<message userID="143" guid="{A9144A02-4B83-413B-9CB2-C02CA40B24CE}">Bai!</message>
		<message userID="143" guid="{490AB460-E0B1-4053-867B-5618A6B9059D}">im gonna go work on the emote gui now</message>
		<message userID="178" guid="{8AB81D54-A043-4BEE-8559-A4AFAED621F7}">oh my gah</message>
		<message userID="473" guid="{769BC34E-0FEC-4549-A0E4-FDC3ACFF363F}">tahts a tornado</message>
		<message userID="178" guid="{C67C7011-69C3-4882-A35B-1EA1E6857677}">tahts not a flood</message>
		<message userID="473" guid="{E53534B5-51DA-4B70-BFFE-850E46279B57}">hi</message>
	</messages>
</report>





